#
# There is insufficient memory for the Java Runtime Environment to continue.
# Native memory allocation (malloc) failed to allocate 298480 bytes. Error detail: Chunk::new
# Possible reasons:
#   The system is out of physical RAM or swap space
#   This process is running with CompressedOops enabled, and the Java Heap may be blocking the growth of the native heap
# Possible solutions:
#   Reduce memory load on the system
#   Increase physical memory or swap space
#   Check if swap backing store is full
#   Decrease Java heap size (-Xmx/-Xms)
#   Decrease number of Java threads
#   Decrease Java thread stack sizes (-Xss)
#   Set larger code cache with -XX:ReservedCodeCacheSize=
#   JVM is running with Zero Based Compressed Oops mode in which the Java heap is
#     placed in the first 32GB address space. The Java Heap base address is the
#     maximum limit for the native heap growth. Please use -XX:HeapBaseMinAddress
#     to set the Java Heap base and to place the Java Heap above 32GB virtual address.
# This output file may be truncated or incomplete.
#
#  Out of Memory Error (arena.cpp:191), pid=18572, tid=9616
#
# JRE version: OpenJDK Runtime Environment Temurin-17.0.11+9 (17.0.11+9) (build 17.0.11+9)
# Java VM: OpenJDK 64-Bit Server VM Temurin-17.0.11+9 (17.0.11+9, mixed mode, tiered, compressed oops, compressed class ptrs, g1 gc, windows-amd64)
# No core dump will be written. Minidumps are not enabled by default on client versions of Windows
#

---------------  S U M M A R Y ------------

Command Line: -Dfile.encoding=UTF-8 -Dstdout.encoding=UTF-8 -Dstderr.encoding=UTF-8 -XX:+ShowCodeDetailsInExceptionMessages LoadDriver

Host: Intel(R) Core(TM) i3-5005U CPU @ 2.00GHz, 4 cores, 15G,  Windows 10 , 64 bit Build 19041 (10.0.19041.3636)
Time: Fri May 17 14:47:35 2024 Pakistan Standard Time elapsed time: 4.062840 seconds (0d 0h 0m 4s)

---------------  T H R E A D  ---------------

Current thread (0x000002d26faf27f0):  JavaThread "main" [_thread_in_vm, id=9616, stack(0x000000d931f00000,0x000000d932000000)]

Stack: [0x000000d931f00000,0x000000d932000000]
Native frames: (J=compiled Java code, j=interpreted, Vv=VM code, C=native code)
V  [jvm.dll+0x67d429]
V  [jvm.dll+0x834b7a]
V  [jvm.dll+0x83663e]
V  [jvm.dll+0x836ca3]
V  [jvm.dll+0x247dbf]
V  [jvm.dll+0xac534]
V  [jvm.dll+0xacb7c]
V  [jvm.dll+0x1f3cfa]
V  [jvm.dll+0x1f28f2]
V  [jvm.dll+0x7ae0cb]
V  [jvm.dll+0x7af499]
V  [jvm.dll+0x7af7e8]
V  [jvm.dll+0x417b49]
C  [java.dll+0x13e9]

Java frames: (J=compiled Java code, j=interpreted, Vv=VM code)
j  java.lang.Class.forName0(Ljava/lang/String;ZLjava/lang/ClassLoader;Ljava/lang/Class;)Ljava/lang/Class;+0 java.base@17.0.11
j  java.lang.Class.forName(Ljava/lang/String;ZLjava/lang/ClassLoader;)Ljava/lang/Class;+43 java.base@17.0.11
j  sun.nio.cs.StandardCharsets.lookup(Ljava/lang/String;)Ljava/nio/charset/Charset;+122 java.base@17.0.11
j  sun.nio.cs.StandardCharsets.charsetForName(Ljava/lang/String;)Ljava/nio/charset/Charset;+6 java.base@17.0.11
j  java.nio.charset.Charset.lookup2(Ljava/lang/String;)Ljava/nio/charset/Charset;+39 java.base@17.0.11
j  java.nio.charset.Charset.lookup(Ljava/lang/String;)Ljava/nio/charset/Charset;+40 java.base@17.0.11
j  java.nio.charset.Charset.forName(Ljava/lang/String;)Ljava/nio/charset/Charset;+1 java.base@17.0.11
j  com.mysql.cj.MysqlCharset.<init>(Ljava/lang/String;II[Ljava/lang/String;Lcom/mysql/cj/ServerVersion;)V+61
j  com.mysql.cj.CharsetMapping.<clinit>()V+247
v  ~StubRoutines::call_stub
j  com.mysql.cj.protocol.a.NativeProtocol.beforeHandshake()V+28
j  com.mysql.cj.protocol.a.NativeProtocol.connect(Ljava/lang/String;Ljava/lang/String;Ljava/lang/String;)V+1
j  com.mysql.cj.NativeSession.connect(Lcom/mysql/cj/conf/HostInfo;Ljava/lang/String;Ljava/lang/String;Ljava/lang/String;ILcom/mysql/cj/TransactionEventHandler;)V+110
j  com.mysql.cj.jdbc.ConnectionImpl.connectOneTryOnly(Z)V+32
j  com.mysql.cj.jdbc.ConnectionImpl.createNewIO(Z)V+27
j  com.mysql.cj.jdbc.ConnectionImpl.<init>(Lcom/mysql/cj/conf/HostInfo;)V+943
j  com.mysql.cj.jdbc.ConnectionImpl.getInstance(Lcom/mysql/cj/conf/HostInfo;)Lcom/mysql/cj/jdbc/JdbcConnection;+5
j  com.mysql.cj.jdbc.NonRegisteringDriver.connect(Ljava/lang/String;Ljava/util/Properties;)Ljava/sql/Connection;+72
j  java.sql.DriverManager.getConnection(Ljava/lang/String;Ljava/util/Properties;Ljava/lang/Class;)Ljava/sql/Connection;+131 java.sql@17.0.11
j  java.sql.DriverManager.getConnection(Ljava/lang/String;Ljava/lang/String;Ljava/lang/String;)Ljava/sql/Connection;+37 java.sql@17.0.11
j  Pagination.GetConnection()V+13
j  Pagination.viewAllBooks(II)Ljava/util/List;+21
j  LoadDriver.main([Ljava/lang/String;)V+175
v  ~StubRoutines::call_stub

---------------  P R O C E S S  ---------------

Threads class SMR info:
_java_thread_list=0x000002d27f410a50, length=14, elements={
0x000002d26faf27f0, 0x000002d27ee24a60, 0x000002d27ee265e0, 0x000002d27ee76f60,
0x000002d27ee82d60, 0x000002d27ee86650, 0x000002d27ee88880, 0x000002d27ee89570,
0x000002d27ee96120, 0x000002d27ee98f30, 0x000002d27f00e270, 0x000002d27f00aac0,
0x000002d27f00c410, 0x000002d27f408be0
}

Java Threads: ( => current thread )
=>0x000002d26faf27f0 JavaThread "main" [_thread_in_vm, id=9616, stack(0x000000d931f00000,0x000000d932000000)]
  0x000002d27ee24a60 JavaThread "Reference Handler" daemon [_thread_blocked, id=17716, stack(0x000000d932600000,0x000000d932700000)]
  0x000002d27ee265e0 JavaThread "Finalizer" daemon [_thread_blocked, id=22040, stack(0x000000d932700000,0x000000d932800000)]
  0x000002d27ee76f60 JavaThread "Signal Dispatcher" daemon [_thread_blocked, id=20440, stack(0x000000d932900000,0x000000d932a00000)]
  0x000002d27ee82d60 JavaThread "Attach Listener" daemon [_thread_blocked, id=4616, stack(0x000000d932a00000,0x000000d932b00000)]
  0x000002d27ee86650 JavaThread "Service Thread" daemon [_thread_blocked, id=16284, stack(0x000000d932b00000,0x000000d932c00000)]
  0x000002d27ee88880 JavaThread "Monitor Deflation Thread" daemon [_thread_blocked, id=22408, stack(0x000000d932c00000,0x000000d932d00000)]
  0x000002d27ee89570 JavaThread "C2 CompilerThread0" daemon [_thread_blocked, id=15884, stack(0x000000d932d00000,0x000000d932e00000)]
  0x000002d27ee96120 JavaThread "C1 CompilerThread0" daemon [_thread_blocked, id=17592, stack(0x000000d932e00000,0x000000d932f00000)]
  0x000002d27ee98f30 JavaThread "Sweeper thread" daemon [_thread_blocked, id=20064, stack(0x000000d932f00000,0x000000d933000000)]
  0x000002d27f00e270 JavaThread "Notification Thread" daemon [_thread_blocked, id=12592, stack(0x000000d933000000,0x000000d933100000)]
  0x000002d27f00aac0 JavaThread "Common-Cleaner" daemon [_thread_blocked, id=16280, stack(0x000000d933200000,0x000000d933300000)]
  0x000002d27f00c410 JavaThread "mysql-cj-abandoned-connection-cleanup" daemon [_thread_blocked, id=22132, stack(0x000000d933300000,0x000000d933400000)]
  0x000002d27f408be0 JavaThread "C2 CompilerThread1" daemon [_thread_blocked, id=21956, stack(0x000000d933400000,0x000000d933500000)]

Other Threads:
  0x000002d27ee21eb0 VMThread "VM Thread" [stack: 0x000000d932500000,0x000000d932600000] [id=14208]
  0x000002d27ef365b0 WatcherThread [stack: 0x000000d933100000,0x000000d933200000] [id=22424]
  0x000002d26fb5fce0 GCTaskThread "GC Thread#0" [stack: 0x000000d932000000,0x000000d932100000] [id=20828]
  0x000002d26fb718a0 ConcurrentGCThread "G1 Main Marker" [stack: 0x000000d932100000,0x000000d932200000] [id=16492]
  0x000002d26fb722c0 ConcurrentGCThread "G1 Conc#0" [stack: 0x000000d932200000,0x000000d932300000] [id=20860]
  0x000002d26fbb2c30 ConcurrentGCThread "G1 Refine#0" [stack: 0x000000d932300000,0x000000d932400000] [id=18332]
  0x000002d27ec949c0 ConcurrentGCThread "G1 Service" [stack: 0x000000d932400000,0x000000d932500000] [id=19120]

Threads with active compile tasks:

VM state: not at safepoint (normal execution)

VM Mutex/Monitor currently owned by a thread: None

Heap address: 0x0000000701400000, size: 4076 MB, Compressed Oops mode: Zero based, Oop shift amount: 3

CDS archive(s) not mapped
Compressed class space mapped at: 0x0000000800000000-0x0000000840000000, reserved size: 1073741824
Narrow klass base: 0x0000000800000000, Narrow klass shift: 0, Narrow klass range: 0x40000000

GC Precious Log:
 CPUs: 4 total, 4 available
 Memory: 16299M
 Large Page Support: Disabled
 NUMA Support: Disabled
 Compressed Oops: Enabled (Zero based)
 Heap Region Size: 2M
 Heap Min Capacity: 8M
 Heap Initial Capacity: 256M
 Heap Max Capacity: 4076M
 Pre-touch: Disabled
 Parallel Workers: 4
 Concurrent Workers: 1
 Concurrent Refinement Workers: 4
 Periodic GC: Disabled

Heap:
 garbage-first heap   total 262144K, used 8192K [0x0000000701400000, 0x0000000800000000)
  region size 2048K, 6 young (12288K), 0 survivors (0K)
 Metaspace       used 11919K, committed 12096K, reserved 1114112K
  class space    used 1058K, committed 1152K, reserved 1048576K

Heap Regions: E=young(eden), S=young(survivor), O=old, HS=humongous(starts), HC=humongous(continues), CS=collection set, F=free, OA=open archive, CA=closed archive, TAMS=top-at-mark-start (previous, next)
|   0|0x0000000701400000, 0x0000000701400000, 0x0000000701600000|  0%| F|  |TAMS 0x0000000701400000, 0x0000000701400000| Untracked 
|   1|0x0000000701600000, 0x0000000701600000, 0x0000000701800000|  0%| F|  |TAMS 0x0000000701600000, 0x0000000701600000| Untracked 
|   2|0x0000000701800000, 0x0000000701800000, 0x0000000701a00000|  0%| F|  |TAMS 0x0000000701800000, 0x0000000701800000| Untracked 
|   3|0x0000000701a00000, 0x0000000701a00000, 0x0000000701c00000|  0%| F|  |TAMS 0x0000000701a00000, 0x0000000701a00000| Untracked 
|   4|0x0000000701c00000, 0x0000000701c00000, 0x0000000701e00000|  0%| F|  |TAMS 0x0000000701c00000, 0x0000000701c00000| Untracked 
|   5|0x0000000701e00000, 0x0000000701e00000, 0x0000000702000000|  0%| F|  |TAMS 0x0000000701e00000, 0x0000000701e00000| Untracked 
|   6|0x0000000702000000, 0x0000000702000000, 0x0000000702200000|  0%| F|  |TAMS 0x0000000702000000, 0x0000000702000000| Untracked 
|   7|0x0000000702200000, 0x0000000702200000, 0x0000000702400000|  0%| F|  |TAMS 0x0000000702200000, 0x0000000702200000| Untracked 
|   8|0x0000000702400000, 0x0000000702400000, 0x0000000702600000|  0%| F|  |TAMS 0x0000000702400000, 0x0000000702400000| Untracked 
|   9|0x0000000702600000, 0x0000000702600000, 0x0000000702800000|  0%| F|  |TAMS 0x0000000702600000, 0x0000000702600000| Untracked 
|  10|0x0000000702800000, 0x0000000702800000, 0x0000000702a00000|  0%| F|  |TAMS 0x0000000702800000, 0x0000000702800000| Untracked 
|  11|0x0000000702a00000, 0x0000000702a00000, 0x0000000702c00000|  0%| F|  |TAMS 0x0000000702a00000, 0x0000000702a00000| Untracked 
|  12|0x0000000702c00000, 0x0000000702c00000, 0x0000000702e00000|  0%| F|  |TAMS 0x0000000702c00000, 0x0000000702c00000| Untracked 
|  13|0x0000000702e00000, 0x0000000702e00000, 0x0000000703000000|  0%| F|  |TAMS 0x0000000702e00000, 0x0000000702e00000| Untracked 
|  14|0x0000000703000000, 0x0000000703000000, 0x0000000703200000|  0%| F|  |TAMS 0x0000000703000000, 0x0000000703000000| Untracked 
|  15|0x0000000703200000, 0x0000000703200000, 0x0000000703400000|  0%| F|  |TAMS 0x0000000703200000, 0x0000000703200000| Untracked 
|  16|0x0000000703400000, 0x0000000703400000, 0x0000000703600000|  0%| F|  |TAMS 0x0000000703400000, 0x0000000703400000| Untracked 
|  17|0x0000000703600000, 0x0000000703600000, 0x0000000703800000|  0%| F|  |TAMS 0x0000000703600000, 0x0000000703600000| Untracked 
|  18|0x0000000703800000, 0x0000000703800000, 0x0000000703a00000|  0%| F|  |TAMS 0x0000000703800000, 0x0000000703800000| Untracked 
|  19|0x0000000703a00000, 0x0000000703a00000, 0x0000000703c00000|  0%| F|  |TAMS 0x0000000703a00000, 0x0000000703a00000| Untracked 
|  20|0x0000000703c00000, 0x0000000703c00000, 0x0000000703e00000|  0%| F|  |TAMS 0x0000000703c00000, 0x0000000703c00000| Untracked 
|  21|0x0000000703e00000, 0x0000000703e00000, 0x0000000704000000|  0%| F|  |TAMS 0x0000000703e00000, 0x0000000703e00000| Untracked 
|  22|0x0000000704000000, 0x0000000704000000, 0x0000000704200000|  0%| F|  |TAMS 0x0000000704000000, 0x0000000704000000| Untracked 
|  23|0x0000000704200000, 0x0000000704200000, 0x0000000704400000|  0%| F|  |TAMS 0x0000000704200000, 0x0000000704200000| Untracked 
|  24|0x0000000704400000, 0x0000000704400000, 0x0000000704600000|  0%| F|  |TAMS 0x0000000704400000, 0x0000000704400000| Untracked 
|  25|0x0000000704600000, 0x0000000704600000, 0x0000000704800000|  0%| F|  |TAMS 0x0000000704600000, 0x0000000704600000| Untracked 
|  26|0x0000000704800000, 0x0000000704800000, 0x0000000704a00000|  0%| F|  |TAMS 0x0000000704800000, 0x0000000704800000| Untracked 
|  27|0x0000000704a00000, 0x0000000704a00000, 0x0000000704c00000|  0%| F|  |TAMS 0x0000000704a00000, 0x0000000704a00000| Untracked 
|  28|0x0000000704c00000, 0x0000000704c00000, 0x0000000704e00000|  0%| F|  |TAMS 0x0000000704c00000, 0x0000000704c00000| Untracked 
|  29|0x0000000704e00000, 0x0000000704e00000, 0x0000000705000000|  0%| F|  |TAMS 0x0000000704e00000, 0x0000000704e00000| Untracked 
|  30|0x0000000705000000, 0x0000000705000000, 0x0000000705200000|  0%| F|  |TAMS 0x0000000705000000, 0x0000000705000000| Untracked 
|  31|0x0000000705200000, 0x0000000705200000, 0x0000000705400000|  0%| F|  |TAMS 0x0000000705200000, 0x0000000705200000| Untracked 
|  32|0x0000000705400000, 0x0000000705400000, 0x0000000705600000|  0%| F|  |TAMS 0x0000000705400000, 0x0000000705400000| Untracked 
|  33|0x0000000705600000, 0x0000000705600000, 0x0000000705800000|  0%| F|  |TAMS 0x0000000705600000, 0x0000000705600000| Untracked 
|  34|0x0000000705800000, 0x0000000705800000, 0x0000000705a00000|  0%| F|  |TAMS 0x0000000705800000, 0x0000000705800000| Untracked 
|  35|0x0000000705a00000, 0x0000000705a00000, 0x0000000705c00000|  0%| F|  |TAMS 0x0000000705a00000, 0x0000000705a00000| Untracked 
|  36|0x0000000705c00000, 0x0000000705c00000, 0x0000000705e00000|  0%| F|  |TAMS 0x0000000705c00000, 0x0000000705c00000| Untracked 
|  37|0x0000000705e00000, 0x0000000705e00000, 0x0000000706000000|  0%| F|  |TAMS 0x0000000705e00000, 0x0000000705e00000| Untracked 
|  38|0x0000000706000000, 0x0000000706000000, 0x0000000706200000|  0%| F|  |TAMS 0x0000000706000000, 0x0000000706000000| Untracked 
|  39|0x0000000706200000, 0x0000000706200000, 0x0000000706400000|  0%| F|  |TAMS 0x0000000706200000, 0x0000000706200000| Untracked 
|  40|0x0000000706400000, 0x0000000706400000, 0x0000000706600000|  0%| F|  |TAMS 0x0000000706400000, 0x0000000706400000| Untracked 
|  41|0x0000000706600000, 0x0000000706600000, 0x0000000706800000|  0%| F|  |TAMS 0x0000000706600000, 0x0000000706600000| Untracked 
|  42|0x0000000706800000, 0x0000000706800000, 0x0000000706a00000|  0%| F|  |TAMS 0x0000000706800000, 0x0000000706800000| Untracked 
|  43|0x0000000706a00000, 0x0000000706a00000, 0x0000000706c00000|  0%| F|  |TAMS 0x0000000706a00000, 0x0000000706a00000| Untracked 
|  44|0x0000000706c00000, 0x0000000706c00000, 0x0000000706e00000|  0%| F|  |TAMS 0x0000000706c00000, 0x0000000706c00000| Untracked 
|  45|0x0000000706e00000, 0x0000000706e00000, 0x0000000707000000|  0%| F|  |TAMS 0x0000000706e00000, 0x0000000706e00000| Untracked 
|  46|0x0000000707000000, 0x0000000707000000, 0x0000000707200000|  0%| F|  |TAMS 0x0000000707000000, 0x0000000707000000| Untracked 
|  47|0x0000000707200000, 0x0000000707200000, 0x0000000707400000|  0%| F|  |TAMS 0x0000000707200000, 0x0000000707200000| Untracked 
|  48|0x0000000707400000, 0x0000000707400000, 0x0000000707600000|  0%| F|  |TAMS 0x0000000707400000, 0x0000000707400000| Untracked 
|  49|0x0000000707600000, 0x0000000707600000, 0x0000000707800000|  0%| F|  |TAMS 0x0000000707600000, 0x0000000707600000| Untracked 
|  50|0x0000000707800000, 0x0000000707800000, 0x0000000707a00000|  0%| F|  |TAMS 0x0000000707800000, 0x0000000707800000| Untracked 
|  51|0x0000000707a00000, 0x0000000707a00000, 0x0000000707c00000|  0%| F|  |TAMS 0x0000000707a00000, 0x0000000707a00000| Untracked 
|  52|0x0000000707c00000, 0x0000000707c00000, 0x0000000707e00000|  0%| F|  |TAMS 0x0000000707c00000, 0x0000000707c00000| Untracked 
|  53|0x0000000707e00000, 0x0000000707e00000, 0x0000000708000000|  0%| F|  |TAMS 0x0000000707e00000, 0x0000000707e00000| Untracked 
|  54|0x0000000708000000, 0x0000000708000000, 0x0000000708200000|  0%| F|  |TAMS 0x0000000708000000, 0x0000000708000000| Untracked 
|  55|0x0000000708200000, 0x0000000708200000, 0x0000000708400000|  0%| F|  |TAMS 0x0000000708200000, 0x0000000708200000| Untracked 
|  56|0x0000000708400000, 0x0000000708400000, 0x0000000708600000|  0%| F|  |TAMS 0x0000000708400000, 0x0000000708400000| Untracked 
|  57|0x0000000708600000, 0x0000000708600000, 0x0000000708800000|  0%| F|  |TAMS 0x0000000708600000, 0x0000000708600000| Untracked 
|  58|0x0000000708800000, 0x0000000708800000, 0x0000000708a00000|  0%| F|  |TAMS 0x0000000708800000, 0x0000000708800000| Untracked 
|  59|0x0000000708a00000, 0x0000000708a00000, 0x0000000708c00000|  0%| F|  |TAMS 0x0000000708a00000, 0x0000000708a00000| Untracked 
|  60|0x0000000708c00000, 0x0000000708c00000, 0x0000000708e00000|  0%| F|  |TAMS 0x0000000708c00000, 0x0000000708c00000| Untracked 
|  61|0x0000000708e00000, 0x0000000708e00000, 0x0000000709000000|  0%| F|  |TAMS 0x0000000708e00000, 0x0000000708e00000| Untracked 
|  62|0x0000000709000000, 0x0000000709000000, 0x0000000709200000|  0%| F|  |TAMS 0x0000000709000000, 0x0000000709000000| Untracked 
|  63|0x0000000709200000, 0x0000000709200000, 0x0000000709400000|  0%| F|  |TAMS 0x0000000709200000, 0x0000000709200000| Untracked 
|  64|0x0000000709400000, 0x0000000709400000, 0x0000000709600000|  0%| F|  |TAMS 0x0000000709400000, 0x0000000709400000| Untracked 
|  65|0x0000000709600000, 0x0000000709600000, 0x0000000709800000|  0%| F|  |TAMS 0x0000000709600000, 0x0000000709600000| Untracked 
|  66|0x0000000709800000, 0x0000000709800000, 0x0000000709a00000|  0%| F|  |TAMS 0x0000000709800000, 0x0000000709800000| Untracked 
|  67|0x0000000709a00000, 0x0000000709a00000, 0x0000000709c00000|  0%| F|  |TAMS 0x0000000709a00000, 0x0000000709a00000| Untracked 
|  68|0x0000000709c00000, 0x0000000709c00000, 0x0000000709e00000|  0%| F|  |TAMS 0x0000000709c00000, 0x0000000709c00000| Untracked 
|  69|0x0000000709e00000, 0x0000000709e00000, 0x000000070a000000|  0%| F|  |TAMS 0x0000000709e00000, 0x0000000709e00000| Untracked 
|  70|0x000000070a000000, 0x000000070a000000, 0x000000070a200000|  0%| F|  |TAMS 0x000000070a000000, 0x000000070a000000| Untracked 
|  71|0x000000070a200000, 0x000000070a200000, 0x000000070a400000|  0%| F|  |TAMS 0x000000070a200000, 0x000000070a200000| Untracked 
|  72|0x000000070a400000, 0x000000070a400000, 0x000000070a600000|  0%| F|  |TAMS 0x000000070a400000, 0x000000070a400000| Untracked 
|  73|0x000000070a600000, 0x000000070a600000, 0x000000070a800000|  0%| F|  |TAMS 0x000000070a600000, 0x000000070a600000| Untracked 
|  74|0x000000070a800000, 0x000000070a800000, 0x000000070aa00000|  0%| F|  |TAMS 0x000000070a800000, 0x000000070a800000| Untracked 
|  75|0x000000070aa00000, 0x000000070aa00000, 0x000000070ac00000|  0%| F|  |TAMS 0x000000070aa00000, 0x000000070aa00000| Untracked 
|  76|0x000000070ac00000, 0x000000070ac00000, 0x000000070ae00000|  0%| F|  |TAMS 0x000000070ac00000, 0x000000070ac00000| Untracked 
|  77|0x000000070ae00000, 0x000000070ae00000, 0x000000070b000000|  0%| F|  |TAMS 0x000000070ae00000, 0x000000070ae00000| Untracked 
|  78|0x000000070b000000, 0x000000070b000000, 0x000000070b200000|  0%| F|  |TAMS 0x000000070b000000, 0x000000070b000000| Untracked 
|  79|0x000000070b200000, 0x000000070b200000, 0x000000070b400000|  0%| F|  |TAMS 0x000000070b200000, 0x000000070b200000| Untracked 
|  80|0x000000070b400000, 0x000000070b400000, 0x000000070b600000|  0%| F|  |TAMS 0x000000070b400000, 0x000000070b400000| Untracked 
|  81|0x000000070b600000, 0x000000070b600000, 0x000000070b800000|  0%| F|  |TAMS 0x000000070b600000, 0x000000070b600000| Untracked 
|  82|0x000000070b800000, 0x000000070b800000, 0x000000070ba00000|  0%| F|  |TAMS 0x000000070b800000, 0x000000070b800000| Untracked 
|  83|0x000000070ba00000, 0x000000070ba00000, 0x000000070bc00000|  0%| F|  |TAMS 0x000000070ba00000, 0x000000070ba00000| Untracked 
|  84|0x000000070bc00000, 0x000000070bc00000, 0x000000070be00000|  0%| F|  |TAMS 0x000000070bc00000, 0x000000070bc00000| Untracked 
|  85|0x000000070be00000, 0x000000070be00000, 0x000000070c000000|  0%| F|  |TAMS 0x000000070be00000, 0x000000070be00000| Untracked 
|  86|0x000000070c000000, 0x000000070c000000, 0x000000070c200000|  0%| F|  |TAMS 0x000000070c000000, 0x000000070c000000| Untracked 
|  87|0x000000070c200000, 0x000000070c200000, 0x000000070c400000|  0%| F|  |TAMS 0x000000070c200000, 0x000000070c200000| Untracked 
|  88|0x000000070c400000, 0x000000070c400000, 0x000000070c600000|  0%| F|  |TAMS 0x000000070c400000, 0x000000070c400000| Untracked 
|  89|0x000000070c600000, 0x000000070c600000, 0x000000070c800000|  0%| F|  |TAMS 0x000000070c600000, 0x000000070c600000| Untracked 
|  90|0x000000070c800000, 0x000000070c800000, 0x000000070ca00000|  0%| F|  |TAMS 0x000000070c800000, 0x000000070c800000| Untracked 
|  91|0x000000070ca00000, 0x000000070ca00000, 0x000000070cc00000|  0%| F|  |TAMS 0x000000070ca00000, 0x000000070ca00000| Untracked 
|  92|0x000000070cc00000, 0x000000070cc00000, 0x000000070ce00000|  0%| F|  |TAMS 0x000000070cc00000, 0x000000070cc00000| Untracked 
|  93|0x000000070ce00000, 0x000000070ce00000, 0x000000070d000000|  0%| F|  |TAMS 0x000000070ce00000, 0x000000070ce00000| Untracked 
|  94|0x000000070d000000, 0x000000070d000000, 0x000000070d200000|  0%| F|  |TAMS 0x000000070d000000, 0x000000070d000000| Untracked 
|  95|0x000000070d200000, 0x000000070d200000, 0x000000070d400000|  0%| F|  |TAMS 0x000000070d200000, 0x000000070d200000| Untracked 
|  96|0x000000070d400000, 0x000000070d400000, 0x000000070d600000|  0%| F|  |TAMS 0x000000070d400000, 0x000000070d400000| Untracked 
|  97|0x000000070d600000, 0x000000070d600000, 0x000000070d800000|  0%| F|  |TAMS 0x000000070d600000, 0x000000070d600000| Untracked 
|  98|0x000000070d800000, 0x000000070d800000, 0x000000070da00000|  0%| F|  |TAMS 0x000000070d800000, 0x000000070d800000| Untracked 
|  99|0x000000070da00000, 0x000000070da00000, 0x000000070dc00000|  0%| F|  |TAMS 0x000000070da00000, 0x000000070da00000| Untracked 
| 100|0x000000070dc00000, 0x000000070dc00000, 0x000000070de00000|  0%| F|  |TAMS 0x000000070dc00000, 0x000000070dc00000| Untracked 
| 101|0x000000070de00000, 0x000000070de00000, 0x000000070e000000|  0%| F|  |TAMS 0x000000070de00000, 0x000000070de00000| Untracked 
| 102|0x000000070e000000, 0x000000070e000000, 0x000000070e200000|  0%| F|  |TAMS 0x000000070e000000, 0x000000070e000000| Untracked 
| 103|0x000000070e200000, 0x000000070e200000, 0x000000070e400000|  0%| F|  |TAMS 0x000000070e200000, 0x000000070e200000| Untracked 
| 104|0x000000070e400000, 0x000000070e400000, 0x000000070e600000|  0%| F|  |TAMS 0x000000070e400000, 0x000000070e400000| Untracked 
| 105|0x000000070e600000, 0x000000070e600000, 0x000000070e800000|  0%| F|  |TAMS 0x000000070e600000, 0x000000070e600000| Untracked 
| 106|0x000000070e800000, 0x000000070e800000, 0x000000070ea00000|  0%| F|  |TAMS 0x000000070e800000, 0x000000070e800000| Untracked 
| 107|0x000000070ea00000, 0x000000070ea00000, 0x000000070ec00000|  0%| F|  |TAMS 0x000000070ea00000, 0x000000070ea00000| Untracked 
| 108|0x000000070ec00000, 0x000000070ec00000, 0x000000070ee00000|  0%| F|  |TAMS 0x000000070ec00000, 0x000000070ec00000| Untracked 
| 109|0x000000070ee00000, 0x000000070ee00000, 0x000000070f000000|  0%| F|  |TAMS 0x000000070ee00000, 0x000000070ee00000| Untracked 
| 110|0x000000070f000000, 0x000000070f000000, 0x000000070f200000|  0%| F|  |TAMS 0x000000070f000000, 0x000000070f000000| Untracked 
| 111|0x000000070f200000, 0x000000070f200000, 0x000000070f400000|  0%| F|  |TAMS 0x000000070f200000, 0x000000070f200000| Untracked 
| 112|0x000000070f400000, 0x000000070f400000, 0x000000070f600000|  0%| F|  |TAMS 0x000000070f400000, 0x000000070f400000| Untracked 
| 113|0x000000070f600000, 0x000000070f600000, 0x000000070f800000|  0%| F|  |TAMS 0x000000070f600000, 0x000000070f600000| Untracked 
| 114|0x000000070f800000, 0x000000070f800000, 0x000000070fa00000|  0%| F|  |TAMS 0x000000070f800000, 0x000000070f800000| Untracked 
| 115|0x000000070fa00000, 0x000000070fa00000, 0x000000070fc00000|  0%| F|  |TAMS 0x000000070fa00000, 0x000000070fa00000| Untracked 
| 116|0x000000070fc00000, 0x000000070fc00000, 0x000000070fe00000|  0%| F|  |TAMS 0x000000070fc00000, 0x000000070fc00000| Untracked 
| 117|0x000000070fe00000, 0x000000070fe00000, 0x0000000710000000|  0%| F|  |TAMS 0x000000070fe00000, 0x000000070fe00000| Untracked 
| 118|0x0000000710000000, 0x0000000710000000, 0x0000000710200000|  0%| F|  |TAMS 0x0000000710000000, 0x0000000710000000| Untracked 
| 119|0x0000000710200000, 0x0000000710200000, 0x0000000710400000|  0%| F|  |TAMS 0x0000000710200000, 0x0000000710200000| Untracked 
| 120|0x0000000710400000, 0x0000000710400000, 0x0000000710600000|  0%| F|  |TAMS 0x0000000710400000, 0x0000000710400000| Untracked 
| 121|0x0000000710600000, 0x0000000710600000, 0x0000000710800000|  0%| F|  |TAMS 0x0000000710600000, 0x0000000710600000| Untracked 
| 122|0x0000000710800000, 0x000000071083df20, 0x0000000710a00000| 12%| E|  |TAMS 0x0000000710800000, 0x0000000710800000| Complete 
| 123|0x0000000710a00000, 0x0000000710c00000, 0x0000000710c00000|100%| E|CS|TAMS 0x0000000710a00000, 0x0000000710a00000| Complete 
| 124|0x0000000710c00000, 0x0000000710e00000, 0x0000000710e00000|100%| E|CS|TAMS 0x0000000710c00000, 0x0000000710c00000| Complete 
| 125|0x0000000710e00000, 0x0000000711000000, 0x0000000711000000|100%| E|CS|TAMS 0x0000000710e00000, 0x0000000710e00000| Complete 
| 126|0x0000000711000000, 0x0000000711200000, 0x0000000711200000|100%| E|  |TAMS 0x0000000711000000, 0x0000000711000000| Complete 
| 127|0x0000000711200000, 0x0000000711400000, 0x0000000711400000|100%| E|CS|TAMS 0x0000000711200000, 0x0000000711200000| Complete 

Card table byte_map: [0x000002d275810000,0x000002d276010000] _byte_map_base: 0x000002d272006000

Marking Bits (Prev, Next): (CMBitMap*) 0x000002d26fb60300, (CMBitMap*) 0x000002d26fb60340
 Prev Bits: [0x000002d276810000, 0x000002d27a7c0000)
 Next Bits: [0x000002d27a7c0000, 0x000002d27e770000)

Polling page: 0x000002d26fbc0000

Metaspace:

Usage:
  Non-class:     10.61 MB used.
      Class:      1.03 MB used.
       Both:     11.64 MB used.

Virtual space:
  Non-class space:       64.00 MB reserved,      10.69 MB ( 17%) committed,  1 nodes.
      Class space:        1.00 GB reserved,       1.12 MB ( <1%) committed,  1 nodes.
             Both:        1.06 GB reserved,      11.81 MB (  1%) committed. 

Chunk freelists:
   Non-Class:  4.59 MB
       Class:  14.70 MB
        Both:  19.30 MB

MaxMetaspaceSize: unlimited
CompressedClassSpaceSize: 1.00 GB
Initial GC threshold: 21.00 MB
Current GC threshold: 21.00 MB
CDS: off
MetaspaceReclaimPolicy: balanced
 - commit_granule_bytes: 65536.
 - commit_granule_words: 8192.
 - virtual_space_node_default_size: 8388608.
 - enlarge_chunks_in_place: 1.
 - new_chunks_are_fully_committed: 0.
 - uncommit_free_chunks: 1.
 - use_allocation_guard: 0.
 - handle_deallocations: 1.


Internal statistics:

num_allocs_failed_limit: 0.
num_arena_births: 54.
num_arena_deaths: 0.
num_vsnodes_births: 2.
num_vsnodes_deaths: 0.
num_space_committed: 189.
num_space_uncommitted: 0.
num_chunks_returned_to_freelist: 0.
num_chunks_taken_from_freelist: 176.
num_chunk_merges: 0.
num_chunk_splits: 112.
num_chunks_enlarged: 79.
num_inconsistent_stats: 0.

CodeHeap 'non-profiled nmethods': size=120000Kb used=240Kb max_used=240Kb free=119759Kb
 bounds [0x000002d207ad0000, 0x000002d207d40000, 0x000002d20f000000]
CodeHeap 'profiled nmethods': size=120000Kb used=1067Kb max_used=1067Kb free=118932Kb
 bounds [0x000002d200000000, 0x000002d200270000, 0x000002d207530000]
CodeHeap 'non-nmethods': size=5760Kb used=1176Kb max_used=1206Kb free=4583Kb
 bounds [0x000002d207530000, 0x000002d2077a0000, 0x000002d207ad0000]
 total_blobs=1146 nmethods=673 adapters=386
 compilation: enabled
              stopped_count=0, restarted_count=0
 full_count=0

Compilation events (20 events):
Event: 4.052 Thread 0x000002d27ee96120  664       3       java.nio.ByteOrder::nativeOrder (4 bytes)
Event: 4.052 Thread 0x000002d27ee96120 nmethod 664 0x000002d200106d90 code [0x000002d200106f20, 0x000002d200107018]
Event: 4.054 Thread 0x000002d27ee96120  666       3       java.lang.CharacterDataLatin1::toUpperCaseEx (71 bytes)
Event: 4.054 Thread 0x000002d27ee96120 nmethod 666 0x000002d200107090 code [0x000002d200107240, 0x000002d200107518]
Event: 4.055 Thread 0x000002d27f408be0 nmethod 653 0x000002d207b09210 code [0x000002d207b093a0, 0x000002d207b09838]
Event: 4.055 Thread 0x000002d27f408be0  665       4       java.lang.CharacterDataLatin1::getProperties (11 bytes)
Event: 4.055 Thread 0x000002d27ee96120  668       3       java.lang.ref.Reference::<init> (7 bytes)
Event: 4.055 Thread 0x000002d27ee89570 nmethod 654 0x000002d207b0a090 code [0x000002d207b0a240, 0x000002d207b0a7d8]
Event: 4.055 Thread 0x000002d27ee89570  656       4       java.lang.String$CaseInsensitiveComparator::compare (68 bytes)
Event: 4.055 Thread 0x000002d27ee96120 nmethod 668 0x000002d200107610 code [0x000002d2001077c0, 0x000002d200107a78]
Event: 4.056 Thread 0x000002d27f408be0 nmethod 665 0x000002d207b0ad10 code [0x000002d207b0ae80, 0x000002d207b0af18]
Event: 4.056 Thread 0x000002d27f408be0  655       4       java.util.TreeMap::parentOf (13 bytes)
Event: 4.056 Thread 0x000002d27f408be0 nmethod 655 0x000002d207b0b010 code [0x000002d207b0b180, 0x000002d207b0b1f8]
Event: 4.056 Thread 0x000002d27f408be0  660       4       java.nio.Buffer::scope (17 bytes)
Event: 4.057 Thread 0x000002d27ee96120  669       3       java.net.URL::getDefaultPort (8 bytes)
Event: 4.057 Thread 0x000002d27f408be0 nmethod 660 0x000002d207b0b310 code [0x000002d207b0b480, 0x000002d207b0b518]
Event: 4.057 Thread 0x000002d27ee96120 nmethod 669 0x000002d200107b90 code [0x000002d200107d20, 0x000002d200107f18]
Event: 4.057 Thread 0x000002d27ee96120  670       3       jdk.internal.loader.BuiltinClassLoader::loadClass (22 bytes)
Event: 4.058 Thread 0x000002d27ee96120 nmethod 670 0x000002d200108010 code [0x000002d2001081c0, 0x000002d200108478]
Event: 4.059 Thread 0x000002d27ee96120  671       3       jdk.internal.jimage.ImageStringsReader::stringFromByteBufferMatches (138 bytes)

GC Heap History (0 events):
No events

Dll operation events (6 events):
Event: 0.013 Loaded shared library C:\Users\Huraira Awan\.p2\pool\plugins\org.eclipse.justj.openjdk.hotspot.jre.full.win32.x86_64_17.0.11.v20240426-1830\jre\bin\java.dll
Event: 0.199 Loaded shared library C:\Users\Huraira Awan\.p2\pool\plugins\org.eclipse.justj.openjdk.hotspot.jre.full.win32.x86_64_17.0.11.v20240426-1830\jre\bin\jimage.dll
Event: 0.236 Loaded shared library C:\Users\Huraira Awan\.p2\pool\plugins\org.eclipse.justj.openjdk.hotspot.jre.full.win32.x86_64_17.0.11.v20240426-1830\jre\bin\zip.dll
Event: 3.546 Loaded shared library C:\Users\Huraira Awan\.p2\pool\plugins\org.eclipse.justj.openjdk.hotspot.jre.full.win32.x86_64_17.0.11.v20240426-1830\jre\bin\net.dll
Event: 3.549 Loaded shared library C:\Users\Huraira Awan\.p2\pool\plugins\org.eclipse.justj.openjdk.hotspot.jre.full.win32.x86_64_17.0.11.v20240426-1830\jre\bin\nio.dll
Event: 3.917 Loaded shared library C:\Users\Huraira Awan\.p2\pool\plugins\org.eclipse.justj.openjdk.hotspot.jre.full.win32.x86_64_17.0.11.v20240426-1830\jre\bin\extnet.dll

Deoptimization events (12 events):
Event: 3.777 Thread 0x000002d26faf27f0 DEOPT PACKING pc=0x000002d2000736be sp=0x000000d931ffa8e0
Event: 3.777 Thread 0x000002d26faf27f0 DEOPT UNPACKING pc=0x000002d207587143 sp=0x000000d931ff9d80 mode 0
Event: 3.872 Thread 0x000002d26faf27f0 Uncommon trap: trap_request=0xffffff6e fr.pc=0x000002d207afef08 relative=0x00000000000003e8
Event: 3.872 Thread 0x000002d26faf27f0 Uncommon trap: reason=loop_limit_check action=maybe_recompile pc=0x000002d207afef08 method=java.lang.StringLatin1.indexOf([BI[BII)I @ 37 c2
Event: 3.872 Thread 0x000002d26faf27f0 DEOPT PACKING pc=0x000002d207afef08 sp=0x000000d931ffe040
Event: 3.872 Thread 0x000002d26faf27f0 DEOPT UNPACKING pc=0x000002d2075869a3 sp=0x000000d931ffdfc8 mode 2
Event: 3.898 Thread 0x000002d26faf27f0 Uncommon trap: trap_request=0xffffff45 fr.pc=0x000002d207af6708 relative=0x00000000000013c8
Event: 3.898 Thread 0x000002d26faf27f0 Uncommon trap: reason=unstable_if action=reinterpret pc=0x000002d207af6708 method=java.lang.String.<init>([CIILjava/lang/Void;)V @ 5 c2
Event: 3.898 Thread 0x000002d26faf27f0 DEOPT PACKING pc=0x000002d207af6708 sp=0x000000d931ffd160
Event: 3.898 Thread 0x000002d26faf27f0 DEOPT UNPACKING pc=0x000002d2075869a3 sp=0x000000d931ffd040 mode 2
Event: 3.930 Thread 0x000002d26faf27f0 DEOPT PACKING pc=0x000002d20007bbd6 sp=0x000000d931ffc240
Event: 3.930 Thread 0x000002d26faf27f0 DEOPT UNPACKING pc=0x000002d207587143 sp=0x000000d931ffb6e0 mode 0

Classes unloaded (0 events):
No events

Classes redefined (0 events):
No events

Internal exceptions (6 events):
Event: 3.652 Thread 0x000002d26faf27f0 Exception <a 'java/lang/NoSuchMethodError'{0x000000071119b440}: 'java.lang.Object java.lang.invoke.DirectMethodHandle$Holder.invokeStaticInit(java.lang.Object)'> (0x000000071119b440) 
thrown [s\src\hotspot\share\interpreter\linkResolver.cpp, line 759]
Event: 3.654 Thread 0x000002d26faf27f0 Exception <a 'java/lang/NoSuchMethodError'{0x00000007111a1800}: 'java.lang.Object java.lang.invoke.DirectMethodHandle$Holder.invokeInterface(java.lang.Object, java.lang.Object)'> (0x00000007111a1800) 
thrown [s\src\hotspot\share\interpreter\linkResolver.cpp, line 759]
Event: 3.708 Thread 0x000002d26faf27f0 Exception <a 'java/lang/NoSuchMethodError'{0x0000000710e22848}: 'void java.lang.invoke.DirectMethodHandle$Holder.invokeSpecial(java.lang.Object, java.lang.Object, java.lang.Object)'> (0x0000000710e22848) 
thrown [s\src\hotspot\share\interpreter\linkResolver.cpp, line 759]
Event: 3.710 Thread 0x000002d26faf27f0 Exception <a 'java/lang/NoSuchMethodError'{0x0000000710e293d8}: 'void java.lang.invoke.DirectMethodHandle$Holder.invokeStatic(java.lang.Object, java.lang.Object, java.lang.Object)'> (0x0000000710e293d8) 
thrown [s\src\hotspot\share\interpreter\linkResolver.cpp, line 759]
Event: 3.713 Thread 0x000002d26faf27f0 Exception <a 'java/lang/NoSuchMethodError'{0x0000000710e33738}: 'java.lang.Object java.lang.invoke.DirectMethodHandle$Holder.invokeVirtual(java.lang.Object, java.lang.Object, java.lang.Object)'> (0x0000000710e33738) 
thrown [s\src\hotspot\share\interpreter\linkResolver.cpp, line 759]
Event: 3.919 Thread 0x000002d26faf27f0 Exception <a 'java/lang/NoSuchMethodError'{0x0000000710dd0a90}: 'void java.lang.invoke.DirectMethodHandle$Holder.invokeStatic(java.lang.Object, java.lang.Object)'> (0x0000000710dd0a90) 
thrown [s\src\hotspot\share\interpreter\linkResolver.cpp, line 759]

VM Operations (10 events):
Event: 1.083 Executing VM operation: Cleanup
Event: 1.083 Executing VM operation: Cleanup done
Event: 3.564 Executing VM operation: HandshakeAllThreads
Event: 3.564 Executing VM operation: HandshakeAllThreads done
Event: 3.564 Executing VM operation: Cleanup
Event: 3.564 Executing VM operation: Cleanup done
Event: 3.578 Executing VM operation: HandshakeAllThreads
Event: 3.578 Executing VM operation: HandshakeAllThreads done
Event: 3.882 Executing VM operation: HandshakeAllThreads
Event: 3.882 Executing VM operation: HandshakeAllThreads done

Events (20 events):
Event: 4.036 loading class java/nio/charset/Charset$ExtendedProviderHolder$1 done
Event: 4.038 loading class java/lang/AssertionError
Event: 4.038 loading class java/lang/AssertionError done
Event: 4.051 loading class jdk/internal/misc/ScopedMemoryAccess$Scope
Event: 4.051 loading class jdk/internal/misc/ScopedMemoryAccess$Scope done
Event: 4.052 loading class sun/nio/cs/DoubleByte$Decoder
Event: 4.052 loading class sun/nio/cs/DelegatableDecoder
Event: 4.052 loading class sun/nio/cs/DelegatableDecoder done
Event: 4.052 loading class sun/nio/cs/DoubleByte$Decoder done
Event: 4.052 loading class sun/nio/cs/DoubleByte$Encoder
Event: 4.053 loading class sun/nio/cs/ArrayEncoder
Event: 4.053 loading class sun/nio/cs/ArrayEncoder done
Event: 4.053 loading class sun/nio/cs/DoubleByte$Encoder done
Event: 4.053 loading class sun/nio/cs/GBK
Event: 4.053 loading class sun/nio/cs/GBK done
Event: 4.054 loading class sun/nio/cs/SJIS
Event: 4.054 loading class sun/nio/cs/SJIS done
Event: 4.055 loading class sun/nio/cs/MS932
Event: 4.055 loading class sun/nio/cs/MS932 done
Event: 4.060 loading class sun/nio/cs/GB18030


Dynamic libraries:
0x00007ff70e740000 - 0x00007ff70e74e000 	C:\Users\Huraira Awan\.p2\pool\plugins\org.eclipse.justj.openjdk.hotspot.jre.full.win32.x86_64_17.0.11.v20240426-1830\jre\bin\javaw.exe
0x00007ffa8e670000 - 0x00007ffa8e868000 	C:\Windows\SYSTEM32\ntdll.dll
0x00007ffa8e570000 - 0x00007ffa8e62d000 	C:\Windows\System32\KERNEL32.DLL
0x00007ffa8c1e0000 - 0x00007ffa8c4d6000 	C:\Windows\System32\KERNELBASE.dll
0x00007ffa8c4e0000 - 0x00007ffa8c5e0000 	C:\Windows\System32\ucrtbase.dll
0x00007ffa7d930000 - 0x00007ffa7d947000 	C:\Users\Huraira Awan\.p2\pool\plugins\org.eclipse.justj.openjdk.hotspot.jre.full.win32.x86_64_17.0.11.v20240426-1830\jre\bin\jli.dll
0x00007ffa8c960000 - 0x00007ffa8cafe000 	C:\Windows\System32\USER32.dll
0x00007ffa8c0b0000 - 0x00007ffa8c0d2000 	C:\Windows\System32\win32u.dll
0x00007ffa8cec0000 - 0x00007ffa8ceec000 	C:\Windows\System32\GDI32.dll
0x00007ffa8bd80000 - 0x00007ffa8be9a000 	C:\Windows\System32\gdi32full.dll
0x00007ffa8c630000 - 0x00007ffa8c6cd000 	C:\Windows\System32\msvcp_win.dll
0x00007ffa740b0000 - 0x00007ffa740cb000 	C:\Users\Huraira Awan\.p2\pool\plugins\org.eclipse.justj.openjdk.hotspot.jre.full.win32.x86_64_17.0.11.v20240426-1830\jre\bin\VCRUNTIME140.dll
0x00007ffa7daa0000 - 0x00007ffa7dd3a000 	C:\Windows\WinSxS\amd64_microsoft.windows.common-controls_6595b64144ccf1df_6.0.19041.3636_none_60b6a03d71f818d5\COMCTL32.dll
0x00007ffa8c6d0000 - 0x00007ffa8c76e000 	C:\Windows\System32\msvcrt.dll
0x00007ffa8d720000 - 0x00007ffa8d750000 	C:\Windows\System32\IMM32.DLL
0x00007ffa7c370000 - 0x00007ffa7c37c000 	C:\Users\Huraira Awan\.p2\pool\plugins\org.eclipse.justj.openjdk.hotspot.jre.full.win32.x86_64_17.0.11.v20240426-1830\jre\bin\vcruntime140_1.dll
0x00007ffa51d30000 - 0x00007ffa51dbd000 	C:\Users\Huraira Awan\.p2\pool\plugins\org.eclipse.justj.openjdk.hotspot.jre.full.win32.x86_64_17.0.11.v20240426-1830\jre\bin\msvcp140.dll
0x00007ffa5a7b0000 - 0x00007ffa5b412000 	C:\Users\Huraira Awan\.p2\pool\plugins\org.eclipse.justj.openjdk.hotspot.jre.full.win32.x86_64_17.0.11.v20240426-1830\jre\bin\server\jvm.dll
0x00007ffa8c770000 - 0x00007ffa8c81f000 	C:\Windows\System32\ADVAPI32.dll
0x00007ffa8cc70000 - 0x00007ffa8cd0c000 	C:\Windows\System32\sechost.dll
0x00007ffa8c830000 - 0x00007ffa8c956000 	C:\Windows\System32\RPCRT4.dll
0x00007ffa7ca30000 - 0x00007ffa7ca39000 	C:\Windows\SYSTEM32\WSOCK32.dll
0x00007ffa8bbb0000 - 0x00007ffa8bbfb000 	C:\Windows\SYSTEM32\POWRPROF.dll
0x00007ffa8e480000 - 0x00007ffa8e4eb000 	C:\Windows\System32\WS2_32.dll
0x00007ffa7e010000 - 0x00007ffa7e01a000 	C:\Windows\SYSTEM32\VERSION.dll
0x00007ffa7ad20000 - 0x00007ffa7ad47000 	C:\Windows\SYSTEM32\WINMM.dll
0x00007ffa8bb90000 - 0x00007ffa8bba2000 	C:\Windows\SYSTEM32\UMPDC.dll
0x00007ffa89c10000 - 0x00007ffa89c22000 	C:\Windows\SYSTEM32\kernel.appcore.dll
0x00007ffa7c850000 - 0x00007ffa7c85a000 	C:\Users\Huraira Awan\.p2\pool\plugins\org.eclipse.justj.openjdk.hotspot.jre.full.win32.x86_64_17.0.11.v20240426-1830\jre\bin\jimage.dll
0x00007ffa78d30000 - 0x00007ffa78f14000 	C:\Windows\SYSTEM32\DBGHELP.DLL
0x00007ffa78cf0000 - 0x00007ffa78d24000 	C:\Windows\SYSTEM32\dbgcore.DLL
0x00007ffa8c150000 - 0x00007ffa8c1d2000 	C:\Windows\System32\bcryptPrimitives.dll
0x00007ffa6fee0000 - 0x00007ffa6ff05000 	C:\Users\Huraira Awan\.p2\pool\plugins\org.eclipse.justj.openjdk.hotspot.jre.full.win32.x86_64_17.0.11.v20240426-1830\jre\bin\java.dll
0x00007ffa72e70000 - 0x00007ffa72e88000 	C:\Users\Huraira Awan\.p2\pool\plugins\org.eclipse.justj.openjdk.hotspot.jre.full.win32.x86_64_17.0.11.v20240426-1830\jre\bin\zip.dll
0x00007ffa8dc40000 - 0x00007ffa8e385000 	C:\Windows\System32\SHELL32.dll
0x00007ffa89e10000 - 0x00007ffa8a5ab000 	C:\Windows\SYSTEM32\windows.storage.dll
0x00007ffa8d750000 - 0x00007ffa8daa4000 	C:\Windows\System32\combase.dll
0x00007ffa8b6c0000 - 0x00007ffa8b6ed000 	C:\Windows\SYSTEM32\Wldp.dll
0x00007ffa8cef0000 - 0x00007ffa8cf9d000 	C:\Windows\System32\SHCORE.dll
0x00007ffa8e420000 - 0x00007ffa8e475000 	C:\Windows\System32\shlwapi.dll
0x00007ffa8bc80000 - 0x00007ffa8bca5000 	C:\Windows\SYSTEM32\profapi.dll
0x00007ffa72750000 - 0x00007ffa72769000 	C:\Users\Huraira Awan\.p2\pool\plugins\org.eclipse.justj.openjdk.hotspot.jre.full.win32.x86_64_17.0.11.v20240426-1830\jre\bin\net.dll
0x00007ffa81740000 - 0x00007ffa8184a000 	C:\Windows\SYSTEM32\WINHTTP.dll
0x00007ffa8b420000 - 0x00007ffa8b48a000 	C:\Windows\system32\mswsock.dll
0x00007ffa71310000 - 0x00007ffa71326000 	C:\Users\Huraira Awan\.p2\pool\plugins\org.eclipse.justj.openjdk.hotspot.jre.full.win32.x86_64_17.0.11.v20240426-1830\jre\bin\nio.dll
0x00007ffa8b150000 - 0x00007ffa8b21a000 	C:\Windows\SYSTEM32\DNSAPI.dll
0x00007ffa8b110000 - 0x00007ffa8b14b000 	C:\Windows\SYSTEM32\IPHLPAPI.DLL
0x00007ffa8c820000 - 0x00007ffa8c828000 	C:\Windows\System32\NSI.dll
0x00007ffa84360000 - 0x00007ffa8436a000 	C:\Windows\System32\rasadhlp.dll
0x00007ffa7b260000 - 0x00007ffa7b2e0000 	C:\Windows\System32\fwpuclnt.dll
0x00007ffa8bd50000 - 0x00007ffa8bd77000 	C:\Windows\System32\bcrypt.dll
0x00007ffa7f590000 - 0x00007ffa7f599000 	C:\Users\Huraira Awan\.p2\pool\plugins\org.eclipse.justj.openjdk.hotspot.jre.full.win32.x86_64_17.0.11.v20240426-1830\jre\bin\extnet.dll

dbghelp: loaded successfully - version: 4.0.5 - missing functions: none
symbol engine: initialized successfully - sym options: 0x614 - pdb path: .;C:\Users\Huraira Awan\.p2\pool\plugins\org.eclipse.justj.openjdk.hotspot.jre.full.win32.x86_64_17.0.11.v20240426-1830\jre\bin;C:\Windows\SYSTEM32;C:\Windows\WinSxS\amd64_microsoft.windows.common-controls_6595b64144ccf1df_6.0.19041.3636_none_60b6a03d71f818d5;C:\Users\Huraira Awan\.p2\pool\plugins\org.eclipse.justj.openjdk.hotspot.jre.full.win32.x86_64_17.0.11.v20240426-1830\jre\bin\server

VM Arguments:
jvm_args: -Dfile.encoding=UTF-8 -Dstdout.encoding=UTF-8 -Dstderr.encoding=UTF-8 -XX:+ShowCodeDetailsInExceptionMessages 
java_command: LoadDriver
java_class_path (initial): D:\Eclipse Workspace\CRUD\bin;C:\Users\Huraira Awan\Downloads\mysql-connector-j-8.4.0\mysql-connector-j-8.4.0.jar
Launcher Type: SUN_STANDARD

[Global flags]
     intx CICompilerCount                          = 3                                         {product} {ergonomic}
     uint ConcGCThreads                            = 1                                         {product} {ergonomic}
     uint G1ConcRefinementThreads                  = 4                                         {product} {ergonomic}
   size_t G1HeapRegionSize                         = 2097152                                   {product} {ergonomic}
    uintx GCDrainStackTargetSize                   = 64                                        {product} {ergonomic}
   size_t InitialHeapSize                          = 268435456                                 {product} {ergonomic}
   size_t MarkStackSize                            = 4194304                                   {product} {ergonomic}
   size_t MaxHeapSize                              = 4273995776                                {product} {ergonomic}
   size_t MaxNewSize                               = 2562719744                                {product} {ergonomic}
   size_t MinHeapDeltaBytes                        = 2097152                                   {product} {ergonomic}
   size_t MinHeapSize                              = 8388608                                   {product} {ergonomic}
    uintx NonNMethodCodeHeapSize                   = 5832780                                {pd product} {ergonomic}
    uintx NonProfiledCodeHeapSize                  = 122912730                              {pd product} {ergonomic}
    uintx ProfiledCodeHeapSize                     = 122912730                              {pd product} {ergonomic}
    uintx ReservedCodeCacheSize                    = 251658240                              {pd product} {ergonomic}
     bool SegmentedCodeCache                       = true                                      {product} {ergonomic}
     bool ShowCodeDetailsInExceptionMessages       = true                                   {manageable} {command line}
   size_t SoftMaxHeapSize                          = 4273995776                             {manageable} {ergonomic}
     bool UseCompressedClassPointers               = true                           {product lp64_product} {ergonomic}
     bool UseCompressedOops                        = true                           {product lp64_product} {ergonomic}
     bool UseG1GC                                  = true                                      {product} {ergonomic}
     bool UseLargePagesIndividualAllocation        = false                                  {pd product} {ergonomic}

Logging:
Log output configuration:
 #0: stdout all=warning uptime,level,tags
 #1: stderr all=off uptime,level,tags

Environment Variables:
PATH=C:/Users/Huraira Awan/.p2/pool/plugins/org.eclipse.justj.openjdk.hotspot.jre.full.win32.x86_64_17.0.11.v20240426-1830/jre/bin/server;C:/Users/Huraira Awan/.p2/pool/plugins/org.eclipse.justj.openjdk.hotspot.jre.full.win32.x86_64_17.0.11.v20240426-1830/jre/bin;C:\Windows\system32;C:\Windows;C:\Windows\System32\Wbem;C:\Windows\System32\WindowsPowerShell\v1.0\;C:\Windows\System32\OpenSSH\;C:\Program Files\MySQL\MySQL Shell 8.0\bin\;C:\Users\Huraira Awan\AppData\Local\Microsoft\WindowsApps;;C:\Users\Huraira Awan\Desktop;
USERNAME=Huraira Awan
OS=Windows_NT
PROCESSOR_IDENTIFIER=Intel64 Family 6 Model 61 Stepping 4, GenuineIntel
TMP=C:\Users\HURAIR~1\AppData\Local\Temp
TEMP=C:\Users\HURAIR~1\AppData\Local\Temp



Periodic native trim disabled


---------------  S Y S T E M  ---------------

OS:
 Windows 10 , 64 bit Build 19041 (10.0.19041.3636)
OS uptime: 1 days 14:28 hours

CPU: total 4 (initial active 4) (2 cores per cpu, 2 threads per core) family 6 model 61 stepping 4 microcode 0x2d, cx8, cmov, fxsr, ht, mmx, 3dnowpref, sse, sse2, sse3, ssse3, sse4.1, sse4.2, popcnt, lzcnt, tsc, tscinvbit, avx, avx2, aes, erms, clmul, bmi1, bmi2, adx, fma, vzeroupper, clflush
Processor Information for all 4 processors :
  Max Mhz: 2000, Current Mhz: 2000, Mhz Limit: 2000

Memory: 4k page, system-wide physical 16299M (8518M free)
TotalPageFile size 29016M (AvailPageFile size 3M)
current process WorkingSet (physical memory assigned to process): 59M, peak: 59M
current process commit charge ("private bytes"): 343M, peak: 343M

vm_info: OpenJDK 64-Bit Server VM (17.0.11+9) for windows-amd64 JRE (17.0.11+9), built on Apr 17 2024 06:07:48 by "admin" with MS VC++ 16.10 / 16.11 (VS2019)

END.
