#
# There is insufficient memory for the Java Runtime Environment to continue.
# Native memory allocation (mmap) failed to map 268435456 bytes. Error detail: G1 virtual space
# Possible reasons:
#   The system is out of physical RAM or swap space
#   This process is running with CompressedOops enabled, and the Java Heap may be blocking the growth of the native heap
# Possible solutions:
#   Reduce memory load on the system
#   Increase physical memory or swap space
#   Check if swap backing store is full
#   Decrease Java heap size (-Xmx/-Xms)
#   Decrease number of Java threads
#   Decrease Java thread stack sizes (-Xss)
#   Set larger code cache with -XX:ReservedCodeCacheSize=
#   JVM is running with Zero Based Compressed Oops mode in which the Java heap is
#     placed in the first 32GB address space. The Java Heap base address is the
#     maximum limit for the native heap growth. Please use -XX:HeapBaseMinAddress
#     to set the Java Heap base and to place the Java Heap above 32GB virtual address.
# This output file may be truncated or incomplete.
#
#  Out of Memory Error (os_windows.cpp:3613), pid=17072, tid=21508
#
# JRE version:  (17.0.11+9) (build )
# Java VM: OpenJDK 64-Bit Server VM (17.0.11+9, mixed mode, sharing, tiered, compressed oops, compressed class ptrs, g1 gc, windows-amd64)
# No core dump will be written. Minidumps are not enabled by default on client versions of Windows
#

---------------  S U M M A R Y ------------

Command Line: -Dfile.encoding=UTF-8 -Dstdout.encoding=UTF-8 -Dstderr.encoding=UTF-8 -XX:+ShowCodeDetailsInExceptionMessages LoadDriver

Host: Intel(R) Core(TM) i3-5005U CPU @ 2.00GHz, 4 cores, 15G,  Windows 10 , 64 bit Build 19041 (10.0.19041.3636)
Time: Fri May 17 14:46:23 2024 Pakistan Standard Time elapsed time: 0.025713 seconds (0d 0h 0m 0s)

---------------  T H R E A D  ---------------

Current thread (0x000002505e06eae0):  JavaThread "Unknown thread" [_thread_in_vm, id=21508, stack(0x00000073ce600000,0x00000073ce700000)]

Stack: [0x00000073ce600000,0x00000073ce700000]
Native frames: (J=compiled Java code, j=interpreted, Vv=VM code, C=native code)
V  [jvm.dll+0x67d429]
V  [jvm.dll+0x834b7a]
V  [jvm.dll+0x83663e]
V  [jvm.dll+0x836ca3]
V  [jvm.dll+0x247dbf]
V  [jvm.dll+0x67a269]
V  [jvm.dll+0x66ecda]
V  [jvm.dll+0x30797b]
V  [jvm.dll+0x30ee26]
V  [jvm.dll+0x35e80e]
V  [jvm.dll+0x35ea3f]
V  [jvm.dll+0x2de6b8]
V  [jvm.dll+0x2df624]
V  [jvm.dll+0x806531]
V  [jvm.dll+0x36c561]
V  [jvm.dll+0x7e4f56]
V  [jvm.dll+0x3efdcf]
V  [jvm.dll+0x3f1921]
C  [jli.dll+0x528f]
C  [ucrtbase.dll+0x21bb2]
C  [KERNEL32.DLL+0x17344]
C  [ntdll.dll+0x526b1]


---------------  P R O C E S S  ---------------

Threads class SMR info:
_java_thread_list=0x00007ffa5b2deed8, length=0, elements={
}

Java Threads: ( => current thread )

Other Threads:
  0x000002505e0dc270 GCTaskThread "GC Thread#0" [stack: 0x00000073ce700000,0x00000073ce800000] [id=5564]
  0x000002505e0ed820 ConcurrentGCThread "G1 Main Marker" [stack: 0x00000073ce800000,0x00000073ce900000] [id=14908]
  0x000002505e0ee240 ConcurrentGCThread "G1 Conc#0" [stack: 0x00000073ce900000,0x00000073cea00000] [id=9188]

[error occurred during error reporting (printing all threads), id 0xc0000005, EXCEPTION_ACCESS_VIOLATION (0xc0000005) at pc=0x00007ffa5aa9f0f7]

VM state: not at safepoint (not fully initialized)

VM Mutex/Monitor currently owned by a thread:  ([mutex/lock_event])
[0x000002505e06a2d0] Heap_lock - owner thread: 0x000002505e06eae0

Heap address: 0x0000000701400000, size: 4076 MB, Compressed Oops mode: Zero based, Oop shift amount: 3

CDS archive(s) mapped at: [0x0000000000000000-0x0000000000000000-0x0000000000000000), size 0, SharedBaseAddress: 0x0000000800000000, ArchiveRelocationMode: 1.
Narrow klass base: 0x0000000000000000, Narrow klass shift: 0, Narrow klass range: 0x0

GC Precious Log:
<Empty>

Heap:
 garbage-first heap   total 0K, used 0K [0x0000000701400000, 0x0000000800000000)
  region size 2048K, 0 young (0K), 0 survivors (0K)

[error occurred during error reporting (printing heap information), id 0xc0000005, EXCEPTION_ACCESS_VIOLATION (0xc0000005) at pc=0x00007ffa5ae870c9]

GC Heap History (0 events):
No events

Dll operation events (1 events):
Event: 0.016 Loaded shared library C:\Users\Huraira Awan\.p2\pool\plugins\org.eclipse.justj.openjdk.hotspot.jre.full.win32.x86_64_17.0.11.v20240426-1830\jre\bin\java.dll

Deoptimization events (0 events):
No events

Classes unloaded (0 events):
No events

Classes redefined (0 events):
No events

Internal exceptions (0 events):
No events

VM Operations (0 events):
No events

Events (0 events):
No events


Dynamic libraries:
0x00007ff70e740000 - 0x00007ff70e74e000 	C:\Users\Huraira Awan\.p2\pool\plugins\org.eclipse.justj.openjdk.hotspot.jre.full.win32.x86_64_17.0.11.v20240426-1830\jre\bin\javaw.exe
0x00007ffa8e670000 - 0x00007ffa8e868000 	C:\Windows\SYSTEM32\ntdll.dll
0x00007ffa8e570000 - 0x00007ffa8e62d000 	C:\Windows\System32\KERNEL32.DLL
0x00007ffa8c1e0000 - 0x00007ffa8c4d6000 	C:\Windows\System32\KERNELBASE.dll
0x00007ffa8c4e0000 - 0x00007ffa8c5e0000 	C:\Windows\System32\ucrtbase.dll
0x00007ffa740b0000 - 0x00007ffa740cb000 	C:\Users\Huraira Awan\.p2\pool\plugins\org.eclipse.justj.openjdk.hotspot.jre.full.win32.x86_64_17.0.11.v20240426-1830\jre\bin\VCRUNTIME140.dll
0x00007ffa7d930000 - 0x00007ffa7d947000 	C:\Users\Huraira Awan\.p2\pool\plugins\org.eclipse.justj.openjdk.hotspot.jre.full.win32.x86_64_17.0.11.v20240426-1830\jre\bin\jli.dll
0x00007ffa8c960000 - 0x00007ffa8cafe000 	C:\Windows\System32\USER32.dll
0x00007ffa8c0b0000 - 0x00007ffa8c0d2000 	C:\Windows\System32\win32u.dll
0x00007ffa8cec0000 - 0x00007ffa8ceec000 	C:\Windows\System32\GDI32.dll
0x00007ffa8bd80000 - 0x00007ffa8be9a000 	C:\Windows\System32\gdi32full.dll
0x00007ffa8c630000 - 0x00007ffa8c6cd000 	C:\Windows\System32\msvcp_win.dll
0x00007ffa7daa0000 - 0x00007ffa7dd3a000 	C:\Windows\WinSxS\amd64_microsoft.windows.common-controls_6595b64144ccf1df_6.0.19041.3636_none_60b6a03d71f818d5\COMCTL32.dll
0x00007ffa8c6d0000 - 0x00007ffa8c76e000 	C:\Windows\System32\msvcrt.dll
0x00007ffa8d720000 - 0x00007ffa8d750000 	C:\Windows\System32\IMM32.DLL
0x00007ffa7c370000 - 0x00007ffa7c37c000 	C:\Users\Huraira Awan\.p2\pool\plugins\org.eclipse.justj.openjdk.hotspot.jre.full.win32.x86_64_17.0.11.v20240426-1830\jre\bin\vcruntime140_1.dll
0x00007ffa51d30000 - 0x00007ffa51dbd000 	C:\Users\Huraira Awan\.p2\pool\plugins\org.eclipse.justj.openjdk.hotspot.jre.full.win32.x86_64_17.0.11.v20240426-1830\jre\bin\msvcp140.dll
0x00007ffa5a7b0000 - 0x00007ffa5b412000 	C:\Users\Huraira Awan\.p2\pool\plugins\org.eclipse.justj.openjdk.hotspot.jre.full.win32.x86_64_17.0.11.v20240426-1830\jre\bin\server\jvm.dll
0x00007ffa8c770000 - 0x00007ffa8c81f000 	C:\Windows\System32\ADVAPI32.dll
0x00007ffa8cc70000 - 0x00007ffa8cd0c000 	C:\Windows\System32\sechost.dll
0x00007ffa8c830000 - 0x00007ffa8c956000 	C:\Windows\System32\RPCRT4.dll
0x00007ffa8bbb0000 - 0x00007ffa8bbfb000 	C:\Windows\SYSTEM32\POWRPROF.dll
0x00007ffa7ca30000 - 0x00007ffa7ca39000 	C:\Windows\SYSTEM32\WSOCK32.dll
0x00007ffa8e480000 - 0x00007ffa8e4eb000 	C:\Windows\System32\WS2_32.dll
0x00007ffa7ad20000 - 0x00007ffa7ad47000 	C:\Windows\SYSTEM32\WINMM.dll
0x00007ffa7e010000 - 0x00007ffa7e01a000 	C:\Windows\SYSTEM32\VERSION.dll
0x00007ffa8bb90000 - 0x00007ffa8bba2000 	C:\Windows\SYSTEM32\UMPDC.dll
0x00007ffa89c10000 - 0x00007ffa89c22000 	C:\Windows\SYSTEM32\kernel.appcore.dll
0x00007ffa7c850000 - 0x00007ffa7c85a000 	C:\Users\Huraira Awan\.p2\pool\plugins\org.eclipse.justj.openjdk.hotspot.jre.full.win32.x86_64_17.0.11.v20240426-1830\jre\bin\jimage.dll
0x00007ffa78d30000 - 0x00007ffa78f14000 	C:\Windows\SYSTEM32\DBGHELP.DLL
0x00007ffa78cf0000 - 0x00007ffa78d24000 	C:\Windows\SYSTEM32\dbgcore.DLL
0x00007ffa8c150000 - 0x00007ffa8c1d2000 	C:\Windows\System32\bcryptPrimitives.dll
0x00007ffa6fee0000 - 0x00007ffa6ff05000 	C:\Users\Huraira Awan\.p2\pool\plugins\org.eclipse.justj.openjdk.hotspot.jre.full.win32.x86_64_17.0.11.v20240426-1830\jre\bin\java.dll

dbghelp: loaded successfully - version: 4.0.5 - missing functions: none
symbol engine: initialized successfully - sym options: 0x614 - pdb path: .;C:\Users\Huraira Awan\.p2\pool\plugins\org.eclipse.justj.openjdk.hotspot.jre.full.win32.x86_64_17.0.11.v20240426-1830\jre\bin;C:\Windows\SYSTEM32;C:\Windows\WinSxS\amd64_microsoft.windows.common-controls_6595b64144ccf1df_6.0.19041.3636_none_60b6a03d71f818d5;C:\Users\Huraira Awan\.p2\pool\plugins\org.eclipse.justj.openjdk.hotspot.jre.full.win32.x86_64_17.0.11.v20240426-1830\jre\bin\server

VM Arguments:
jvm_args: -Dfile.encoding=UTF-8 -Dstdout.encoding=UTF-8 -Dstderr.encoding=UTF-8 -XX:+ShowCodeDetailsInExceptionMessages 
java_command: LoadDriver
java_class_path (initial): D:\Eclipse Workspace\CRUD\bin;C:\Users\Huraira Awan\Downloads\mysql-connector-j-8.4.0\mysql-connector-j-8.4.0.jar
Launcher Type: SUN_STANDARD

[Global flags]
     intx CICompilerCount                          = 3                                         {product} {ergonomic}
     uint ConcGCThreads                            = 1                                         {product} {ergonomic}
     uint G1ConcRefinementThreads                  = 4                                         {product} {ergonomic}
   size_t G1HeapRegionSize                         = 2097152                                   {product} {ergonomic}
    uintx GCDrainStackTargetSize                   = 64                                        {product} {ergonomic}
   size_t InitialHeapSize                          = 268435456                                 {product} {ergonomic}
   size_t MarkStackSize                            = 4194304                                   {product} {ergonomic}
   size_t MaxHeapSize                              = 4273995776                                {product} {ergonomic}
   size_t MinHeapDeltaBytes                        = 2097152                                   {product} {ergonomic}
   size_t MinHeapSize                              = 8388608                                   {product} {ergonomic}
    uintx NonNMethodCodeHeapSize                   = 5832780                                {pd product} {ergonomic}
    uintx NonProfiledCodeHeapSize                  = 122912730                              {pd product} {ergonomic}
    uintx ProfiledCodeHeapSize                     = 122912730                              {pd product} {ergonomic}
    uintx ReservedCodeCacheSize                    = 251658240                              {pd product} {ergonomic}
     bool SegmentedCodeCache                       = true                                      {product} {ergonomic}
     bool ShowCodeDetailsInExceptionMessages       = true                                   {manageable} {command line}
   size_t SoftMaxHeapSize                          = 4273995776                             {manageable} {ergonomic}
     bool UseCompressedClassPointers               = true                           {product lp64_product} {ergonomic}
     bool UseCompressedOops                        = true                           {product lp64_product} {ergonomic}
     bool UseG1GC                                  = true                                      {product} {ergonomic}
     bool UseLargePagesIndividualAllocation        = false                                  {pd product} {ergonomic}

Logging:
Log output configuration:
 #0: stdout all=warning uptime,level,tags
 #1: stderr all=off uptime,level,tags

Environment Variables:
PATH=C:/Users/Huraira Awan/.p2/pool/plugins/org.eclipse.justj.openjdk.hotspot.jre.full.win32.x86_64_17.0.11.v20240426-1830/jre/bin/server;C:/Users/Huraira Awan/.p2/pool/plugins/org.eclipse.justj.openjdk.hotspot.jre.full.win32.x86_64_17.0.11.v20240426-1830/jre/bin;C:\Windows\system32;C:\Windows;C:\Windows\System32\Wbem;C:\Windows\System32\WindowsPowerShell\v1.0\;C:\Windows\System32\OpenSSH\;C:\Program Files\MySQL\MySQL Shell 8.0\bin\;C:\Users\Huraira Awan\AppData\Local\Microsoft\WindowsApps;;C:\Users\Huraira Awan\Desktop;
USERNAME=Huraira Awan
OS=Windows_NT
PROCESSOR_IDENTIFIER=Intel64 Family 6 Model 61 Stepping 4, GenuineIntel
TMP=C:\Users\HURAIR~1\AppData\Local\Temp
TEMP=C:\Users\HURAIR~1\AppData\Local\Temp



Periodic native trim disabled


---------------  S Y S T E M  ---------------

OS:
 Windows 10 , 64 bit Build 19041 (10.0.19041.3636)
OS uptime: 1 days 14:27 hours

CPU: total 4 (initial active 4) (2 cores per cpu, 2 threads per core) family 6 model 61 stepping 4 microcode 0x2d, cx8, cmov, fxsr, ht, mmx, 3dnowpref, sse, sse2, sse3, ssse3, sse4.1, sse4.2, popcnt, lzcnt, tsc, tscinvbit, avx, avx2, aes, erms, clmul, bmi1, bmi2, adx, fma, vzeroupper, clflush
Processor Information for all 4 processors :
  Max Mhz: 2000, Current Mhz: 2000, Mhz Limit: 2000

Memory: 4k page, system-wide physical 16299M (8513M free)
TotalPageFile size 29002M (AvailPageFile size 239M)
current process WorkingSet (physical memory assigned to process): 10M, peak: 10M
current process commit charge ("private bytes"): 51M, peak: 307M

vm_info: OpenJDK 64-Bit Server VM (17.0.11+9) for windows-amd64 JRE (17.0.11+9), built on Apr 17 2024 06:07:48 by "admin" with MS VC++ 16.10 / 16.11 (VS2019)

END.
